[32m[Nest] 1144  - [39m29/12/2025, 4:43:45 [32m    LOG[39m [38;5;3m[NestFactory] [39m[32mStarting Nest application...[39m
[32m[Nest] 1144  - [39m29/12/2025, 4:43:45 [32m    LOG[39m [38;5;3m[InstanceLoader] [39m[32mTypeOrmModule dependencies initialized[39m[38;5;3m +47ms[39m
[32m[Nest] 1144  - [39m29/12/2025, 4:43:45 [32m    LOG[39m [38;5;3m[InstanceLoader] [39m[32mTypeOrmCoreModule dependencies initialized[39m[38;5;3m +60ms[39m
[32m[Nest] 1144  - [39m29/12/2025, 4:43:45 [32m    LOG[39m [38;5;3m[InstanceLoader] [39m[32mTypeOrmModule dependencies initialized[39m[38;5;3m +1ms[39m
[32m[Nest] 1144  - [39m29/12/2025, 4:43:45 [32m    LOG[39m [38;5;3m[InstanceLoader] [39m[32mAppModule dependencies initialized[39m[38;5;3m +4ms[39m
[32m[Nest] 1144  - [39m29/12/2025, 4:43:45 [32m    LOG[39m [38;5;3m[RoutesResolver] [39m[32mAppController {/}:[39m[38;5;3m +5ms[39m
[32m[Nest] 1144  - [39m29/12/2025, 4:43:45 [32m    LOG[39m [38;5;3m[RouterExplorer] [39m[32mMapped {/, GET} route[39m[38;5;3m +8ms[39m
[32m[Nest] 1144  - [39m29/12/2025, 4:43:45 [32m    LOG[39m [38;5;3m[RoutesResolver] [39m[32mSagaController {/sagas}:[39m[38;5;3m +32ms[39m
[32m[Nest] 1144  - [39m29/12/2025, 4:43:45 [32m    LOG[39m [38;5;3m[RouterExplorer] [39m[32mMapped {/sagas, GET} route[39m[38;5;3m +1ms[39m
[32m[Nest] 1144  - [39m29/12/2025, 4:43:45 [32m    LOG[39m [38;5;3m[RouterExplorer] [39m[32mMapped {/sagas/:id, GET} route[39m[38;5;3m +2ms[39m
[32m[Nest] 1144  - [39m29/12/2025, 4:43:45 [32m    LOG[39m [38;5;3m[RouterExplorer] [39m[32mMapped {/sagas, POST} route[39m[38;5;3m +0ms[39m
[32m[Nest] 1144  - [39m29/12/2025, 4:43:45 [32m    LOG[39m [38;5;3m[RouterExplorer] [39m[32mMapped {/sagas/order, PUT} route[39m[38;5;3m +1ms[39m
[32m[Nest] 1144  - [39m29/12/2025, 4:43:45 [32m    LOG[39m [38;5;3m[RouterExplorer] [39m[32mMapped {/sagas/:id, PUT} route[39m[38;5;3m +0ms[39m
[32m[Nest] 1144  - [39m29/12/2025, 4:43:45 [32m    LOG[39m [38;5;3m[RouterExplorer] [39m[32mMapped {/sagas/:id, DELETE} route[39m[38;5;3m +1ms[39m
[32m[Nest] 1144  - [39m29/12/2025, 4:43:45 [32m    LOG[39m [38;5;3m[RoutesResolver] [39m[32mCampaignController {/campaigns}:[39m[38;5;3m +0ms[39m
[32m[Nest] 1144  - [39m29/12/2025, 4:43:45 [32m    LOG[39m [38;5;3m[RouterExplorer] [39m[32mMapped {/campaigns, GET} route[39m[38;5;3m +1ms[39m
[32m[Nest] 1144  - [39m29/12/2025, 4:43:45 [32m    LOG[39m [38;5;3m[RouterExplorer] [39m[32mMapped {/campaigns/:id, GET} route[39m[38;5;3m +1ms[39m
[32m[Nest] 1144  - [39m29/12/2025, 4:43:45 [32m    LOG[39m [38;5;3m[RouterExplorer] [39m[32mMapped {/campaigns, POST} route[39m[38;5;3m +1ms[39m
[32m[Nest] 1144  - [39m29/12/2025, 4:43:45 [32m    LOG[39m [38;5;3m[RouterExplorer] [39m[32mMapped {/campaigns/:id, PUT} route[39m[38;5;3m +0ms[39m
[32m[Nest] 1144  - [39m29/12/2025, 4:43:45 [32m    LOG[39m [38;5;3m[RouterExplorer] [39m[32mMapped {/campaigns/:id, DELETE} route[39m[38;5;3m +1ms[39m
[32m[Nest] 1144  - [39m29/12/2025, 4:43:45 [32m    LOG[39m [38;5;3m[RoutesResolver] [39m[32mChapterController {/chapters}:[39m[38;5;3m +0ms[39m
[32m[Nest] 1144  - [39m29/12/2025, 4:43:45 [32m    LOG[39m [38;5;3m[RouterExplorer] [39m[32mMapped {/chapters, GET} route[39m[38;5;3m +0ms[39m
[32m[Nest] 1144  - [39m29/12/2025, 4:43:45 [32m    LOG[39m [38;5;3m[RouterExplorer] [39m[32mMapped {/chapters/:id, GET} route[39m[38;5;3m +1ms[39m
[32m[Nest] 1144  - [39m29/12/2025, 4:43:45 [32m    LOG[39m [38;5;3m[RouterExplorer] [39m[32mMapped {/chapters, POST} route[39m[38;5;3m +0ms[39m
[32m[Nest] 1144  - [39m29/12/2025, 4:43:45 [32m    LOG[39m [38;5;3m[RouterExplorer] [39m[32mMapped {/chapters/:id, PUT} route[39m[38;5;3m +1ms[39m
[32m[Nest] 1144  - [39m29/12/2025, 4:43:45 [32m    LOG[39m [38;5;3m[RouterExplorer] [39m[32mMapped {/chapters/:id, DELETE} route[39m[38;5;3m +0ms[39m
[32m[Nest] 1144  - [39m29/12/2025, 4:43:45 [32m    LOG[39m [38;5;3m[RouterExplorer] [39m[32mMapped {/chapters/:id/resources, GET} route[39m[38;5;3m +1ms[39m
[32m[Nest] 1144  - [39m29/12/2025, 4:43:45 [32m    LOG[39m [38;5;3m[RouterExplorer] [39m[32mMapped {/chapters/:id/resources, PUT} route[39m[38;5;3m +0ms[39m
[32m[Nest] 1144  - [39m29/12/2025, 4:43:45 [32m    LOG[39m [38;5;3m[RoutesResolver] [39m[32mMapController {/maps}:[39m[38;5;3m +1ms[39m
[32m[Nest] 1144  - [39m29/12/2025, 4:43:45 [32m    LOG[39m [38;5;3m[RouterExplorer] [39m[32mMapped {/maps, GET} route[39m[38;5;3m +0ms[39m
[32m[Nest] 1144  - [39m29/12/2025, 4:43:45 [32m    LOG[39m [38;5;3m[RouterExplorer] [39m[32mMapped {/maps/:id, GET} route[39m[38;5;3m +1ms[39m
[32m[Nest] 1144  - [39m29/12/2025, 4:43:45 [32m    LOG[39m [38;5;3m[RouterExplorer] [39m[32mMapped {/maps, POST} route[39m[38;5;3m +0ms[39m
[32m[Nest] 1144  - [39m29/12/2025, 4:43:45 [32m    LOG[39m [38;5;3m[RouterExplorer] [39m[32mMapped {/maps/:id, PUT} route[39m[38;5;3m +0ms[39m
[32m[Nest] 1144  - [39m29/12/2025, 4:43:45 [32m    LOG[39m [38;5;3m[RouterExplorer] [39m[32mMapped {/maps/:id, DELETE} route[39m[38;5;3m +1ms[39m
[32m[Nest] 1144  - [39m29/12/2025, 4:43:45 [32m    LOG[39m [38;5;3m[RouterExplorer] [39m[32mMapped {/maps/:id/components, GET} route[39m[38;5;3m +0ms[39m
[32m[Nest] 1144  - [39m29/12/2025, 4:43:45 [32m    LOG[39m [38;5;3m[RouterExplorer] [39m[32mMapped {/maps/:id/components, PUT} route[39m[38;5;3m +1ms[39m
[32m[Nest] 1144  - [39m29/12/2025, 4:43:45 [32m    LOG[39m [38;5;3m[RoutesResolver] [39m[32mEventController {/events}:[39m[38;5;3m +0ms[39m
[32m[Nest] 1144  - [39m29/12/2025, 4:43:45 [32m    LOG[39m [38;5;3m[RouterExplorer] [39m[32mMapped {/events/count-by-chapter, GET} route[39m[38;5;3m +1ms[39m
[32m[Nest] 1144  - [39m29/12/2025, 4:43:45 [32m    LOG[39m [38;5;3m[RouterExplorer] [39m[32mMapped {/events, GET} route[39m[38;5;3m +0ms[39m
[32m[Nest] 1144  - [39m29/12/2025, 4:43:45 [32m    LOG[39m [38;5;3m[RouterExplorer] [39m[32mMapped {/events/:id, GET} route[39m[38;5;3m +0ms[39m
[32m[Nest] 1144  - [39m29/12/2025, 4:43:45 [32m    LOG[39m [38;5;3m[RouterExplorer] [39m[32mMapped {/events, POST} route[39m[38;5;3m +1ms[39m
[32m[Nest] 1144  - [39m29/12/2025, 4:43:45 [32m    LOG[39m [38;5;3m[RouterExplorer] [39m[32mMapped {/events/:id, PUT} route[39m[38;5;3m +0ms[39m
[32m[Nest] 1144  - [39m29/12/2025, 4:43:45 [32m    LOG[39m [38;5;3m[RouterExplorer] [39m[32mMapped {/events/:id, DELETE} route[39m[38;5;3m +1ms[39m
[32m[Nest] 1144  - [39m29/12/2025, 4:43:45 [32m    LOG[39m [38;5;3m[RoutesResolver] [39m[32mMechanicController {/mechanics}:[39m[38;5;3m +0ms[39m
[32m[Nest] 1144  - [39m29/12/2025, 4:43:45 [32m    LOG[39m [38;5;3m[RouterExplorer] [39m[32mMapped {/mechanics, GET} route[39m[38;5;3m +0ms[39m
[32m[Nest] 1144  - [39m29/12/2025, 4:43:45 [32m    LOG[39m [38;5;3m[RouterExplorer] [39m[32mMapped {/mechanics/:id, GET} route[39m[38;5;3m +1ms[39m
[32m[Nest] 1144  - [39m29/12/2025, 4:43:45 [32m    LOG[39m [38;5;3m[RouterExplorer] [39m[32mMapped {/mechanics, POST} route[39m[38;5;3m +0ms[39m
[32m[Nest] 1144  - [39m29/12/2025, 4:43:45 [32m    LOG[39m [38;5;3m[RouterExplorer] [39m[32mMapped {/mechanics/:id, PUT} route[39m[38;5;3m +0ms[39m
[32m[Nest] 1144  - [39m29/12/2025, 4:43:45 [32m    LOG[39m [38;5;3m[RouterExplorer] [39m[32mMapped {/mechanics/:id, DELETE} route[39m[38;5;3m +1ms[39m
[32m[Nest] 1144  - [39m29/12/2025, 4:43:45 [32m    LOG[39m [38;5;3m[RoutesResolver] [39m[32mObjectiveController {/objectives}:[39m[38;5;3m +0ms[39m
[32m[Nest] 1144  - [39m29/12/2025, 4:43:45 [32m    LOG[39m [38;5;3m[RouterExplorer] [39m[32mMapped {/objectives, GET} route[39m[38;5;3m +1ms[39m
[32m[Nest] 1144  - [39m29/12/2025, 4:43:45 [32m    LOG[39m [38;5;3m[RouterExplorer] [39m[32mMapped {/objectives/:id, GET} route[39m[38;5;3m +1ms[39m
[32m[Nest] 1144  - [39m29/12/2025, 4:43:45 [32m    LOG[39m [38;5;3m[RouterExplorer] [39m[32mMapped {/objectives, POST} route[39m[38;5;3m +0ms[39m
[32m[Nest] 1144  - [39m29/12/2025, 4:43:45 [32m    LOG[39m [38;5;3m[RouterExplorer] [39m[32mMapped {/objectives/:id, PUT} route[39m[38;5;3m +1ms[39m
[32m[Nest] 1144  - [39m29/12/2025, 4:43:45 [32m    LOG[39m [38;5;3m[RouterExplorer] [39m[32mMapped {/objectives/:id, DELETE} route[39m[38;5;3m +0ms[39m
[32m[Nest] 1144  - [39m29/12/2025, 4:43:45 [32m    LOG[39m [38;5;3m[RoutesResolver] [39m[32mFactionController {/factions}:[39m[38;5;3m +1ms[39m
[32m[Nest] 1144  - [39m29/12/2025, 4:43:45 [32m    LOG[39m [38;5;3m[RouterExplorer] [39m[32mMapped {/factions, GET} route[39m[38;5;3m +0ms[39m
[32m[Nest] 1144  - [39m29/12/2025, 4:43:45 [32m    LOG[39m [38;5;3m[RouterExplorer] [39m[32mMapped {/factions/:id/professions, GET} route[39m[38;5;3m +1ms[39m
[32m[Nest] 1144  - [39m29/12/2025, 4:43:45 [32m    LOG[39m [38;5;3m[RouterExplorer] [39m[32mMapped {/factions/:id/professions, PUT} route[39m[38;5;3m +0ms[39m
[32m[Nest] 1144  - [39m29/12/2025, 4:43:45 [32m    LOG[39m [38;5;3m[RouterExplorer] [39m[32mMapped {/factions/:id/classes, GET} route[39m[38;5;3m +0ms[39m
[32m[Nest] 1144  - [39m29/12/2025, 4:43:45 [32m    LOG[39m [38;5;3m[RouterExplorer] [39m[32mMapped {/factions/:id/classes, PUT} route[39m[38;5;3m +1ms[39m
[32m[Nest] 1144  - [39m29/12/2025, 4:43:45 [32m    LOG[39m [38;5;3m[RouterExplorer] [39m[32mMapped {/factions/:id, GET} route[39m[38;5;3m +0ms[39m
[32m[Nest] 1144  - [39m29/12/2025, 4:43:45 [32m    LOG[39m [38;5;3m[RouterExplorer] [39m[32mMapped {/factions, POST} route[39m[38;5;3m +1ms[39m
[32m[Nest] 1144  - [39m29/12/2025, 4:43:45 [32m    LOG[39m [38;5;3m[RouterExplorer] [39m[32mMapped {/factions/:id, PUT} route[39m[38;5;3m +0ms[39m
[32m[Nest] 1144  - [39m29/12/2025, 4:43:45 [32m    LOG[39m [38;5;3m[RouterExplorer] [39m[32mMapped {/factions/:id, DELETE} route[39m[38;5;3m +0ms[39m
[32m[Nest] 1144  - [39m29/12/2025, 4:43:45 [32m    LOG[39m [38;5;3m[RoutesResolver] [39m[32mChapterFactionController {/chapter-factions}:[39m[38;5;3m +1ms[39m
[32m[Nest] 1144  - [39m29/12/2025, 4:43:45 [32m    LOG[39m [38;5;3m[RouterExplorer] [39m[32mMapped {/chapter-factions/by-campaign, GET} route[39m[38;5;3m +0ms[39m
[32m[Nest] 1144  - [39m29/12/2025, 4:43:45 [32m    LOG[39m [38;5;3m[RouterExplorer] [39m[32mMapped {/chapter-factions/:chapterId, GET} route[39m[38;5;3m +0ms[39m
[32m[Nest] 1144  - [39m29/12/2025, 4:43:45 [32m    LOG[39m [38;5;3m[RouterExplorer] [39m[32mMapped {/chapter-factions/:chapterId, PUT} route[39m[38;5;3m +1ms[39m
[32m[Nest] 1144  - [39m29/12/2025, 4:43:45 [32m    LOG[39m [38;5;3m[RouterExplorer] [39m[32mMapped {/chapter-factions/:chapterId/:factionId/color, PUT} route[39m[38;5;3m +0ms[39m
[32m[Nest] 1144  - [39m29/12/2025, 4:43:45 [32m    LOG[39m [38;5;3m[RoutesResolver] [39m[32mProfessionController {/professions}:[39m[38;5;3m +0ms[39m
[32m[Nest] 1144  - [39m29/12/2025, 4:43:45 [32m    LOG[39m [38;5;3m[RouterExplorer] [39m[32mMapped {/professions, GET} route[39m[38;5;3m +1ms[39m
[32m[Nest] 1144  - [39m29/12/2025, 4:43:45 [32m    LOG[39m [38;5;3m[RouterExplorer] [39m[32mMapped {/professions/:id, GET} route[39m[38;5;3m +0ms[39m
[32m[Nest] 1144  - [39m29/12/2025, 4:43:45 [32m    LOG[39m [38;5;3m[RouterExplorer] [39m[32mMapped {/professions, POST} route[39m[38;5;3m +1ms[39m
[32m[Nest] 1144  - [39m29/12/2025, 4:43:45 [32m    LOG[39m [38;5;3m[RouterExplorer] [39m[32mMapped {/professions/:id, PUT} route[39m[38;5;3m +0ms[39m
[32m[Nest] 1144  - [39m29/12/2025, 4:43:45 [32m    LOG[39m [38;5;3m[RouterExplorer] [39m[32mMapped {/professions/:id, DELETE} route[39m[38;5;3m +1ms[39m
[32m[Nest] 1144  - [39m29/12/2025, 4:43:45 [32m    LOG[39m [38;5;3m[RoutesResolver] [39m[32mProfessionObjectController {/profession-objects}:[39m[38;5;3m +0ms[39m
[32m[Nest] 1144  - [39m29/12/2025, 4:43:45 [32m    LOG[39m [38;5;3m[RouterExplorer] [39m[32mMapped {/profession-objects/:professionId, GET} route[39m[38;5;3m +0ms[39m
[32m[Nest] 1144  - [39m29/12/2025, 4:43:45 [32m    LOG[39m [38;5;3m[RouterExplorer] [39m[32mMapped {/profession-objects/:professionId, PUT} route[39m[38;5;3m +1ms[39m
[32m[Nest] 1144  - [39m29/12/2025, 4:43:45 [32m    LOG[39m [38;5;3m[RoutesResolver] [39m[32mProfessionObjectResourceController {/profession-object-resources}:[39m[38;5;3m +0ms[39m
[32m[Nest] 1144  - [39m29/12/2025, 4:43:45 [32m    LOG[39m [38;5;3m[RouterExplorer] [39m[32mMapped {/profession-object-resources/by-profession, GET} route[39m[38;5;3m +1ms[39m
[32m[Nest] 1144  - [39m29/12/2025, 4:43:45 [32m    LOG[39m [38;5;3m[RouterExplorer] [39m[32mMapped {/profession-object-resources/:professionId/:objectId, GET} route[39m[38;5;3m +0ms[39m
[32m[Nest] 1144  - [39m29/12/2025, 4:43:45 [32m    LOG[39m [38;5;3m[RouterExplorer] [39m[32mMapped {/profession-object-resources/:professionId/:objectId, PUT} route[39m[38;5;3m +0ms[39m
[32m[Nest] 1144  - [39m29/12/2025, 4:43:45 [32m    LOG[39m [38;5;3m[RoutesResolver] [39m[32mGameObjectController {/objects}:[39m[38;5;3m +1ms[39m
[32m[Nest] 1144  - [39m29/12/2025, 4:43:45 [32m    LOG[39m [38;5;3m[RouterExplorer] [39m[32mMapped {/objects, GET} route[39m[38;5;3m +0ms[39m
[32m[Nest] 1144  - [39m29/12/2025, 4:43:45 [32m    LOG[39m [38;5;3m[RouterExplorer] [39m[32mMapped {/objects/:id, GET} route[39m[38;5;3m +1ms[39m
[32m[Nest] 1144  - [39m29/12/2025, 4:43:45 [32m    LOG[39m [38;5;3m[RouterExplorer] [39m[32mMapped {/objects, POST} route[39m[38;5;3m +0ms[39m
[32m[Nest] 1144  - [39m29/12/2025, 4:43:45 [32m    LOG[39m [38;5;3m[RouterExplorer] [39m[32mMapped {/objects/upload-icon, POST} route[39m[38;5;3m +0ms[39m
[32m[Nest] 1144  - [39m29/12/2025, 4:43:45 [32m    LOG[39m [38;5;3m[RouterExplorer] [39m[32mMapped {/objects/:id, PUT} route[39m[38;5;3m +1ms[39m
[32m[Nest] 1144  - [39m29/12/2025, 4:43:45 [32m    LOG[39m [38;5;3m[RouterExplorer] [39m[32mMapped {/objects/:id, DELETE} route[39m[38;5;3m +0ms[39m
[32m[Nest] 1144  - [39m29/12/2025, 4:43:45 [32m    LOG[39m [38;5;3m[RouterExplorer] [39m[32mMapped {/objects/:id/campaigns, GET} route[39m[38;5;3m +1ms[39m
[32m[Nest] 1144  - [39m29/12/2025, 4:43:45 [32m    LOG[39m [38;5;3m[RouterExplorer] [39m[32mMapped {/objects/:id/campaigns, PUT} route[39m[38;5;3m +1ms[39m
[32m[Nest] 1144  - [39m29/12/2025, 4:43:45 [32m    LOG[39m [38;5;3m[RoutesResolver] [39m[32mComponentController {/components}:[39m[38;5;3m +0ms[39m
[32m[Nest] 1144  - [39m29/12/2025, 4:43:45 [32m    LOG[39m [38;5;3m[RouterExplorer] [39m[32mMapped {/components, GET} route[39m[38;5;3m +1ms[39m
[32m[Nest] 1144  - [39m29/12/2025, 4:43:45 [32m    LOG[39m [38;5;3m[RouterExplorer] [39m[32mMapped {/components/:id, GET} route[39m[38;5;3m +0ms[39m
[32m[Nest] 1144  - [39m29/12/2025, 4:43:45 [32m    LOG[39m [38;5;3m[RouterExplorer] [39m[32mMapped {/components, POST} route[39m[38;5;3m +1ms[39m
[32m[Nest] 1144  - [39m29/12/2025, 4:43:45 [32m    LOG[39m [38;5;3m[RouterExplorer] [39m[32mMapped {/components/:id, PUT} route[39m[38;5;3m +0ms[39m
[32m[Nest] 1144  - [39m29/12/2025, 4:43:45 [32m    LOG[39m [38;5;3m[RouterExplorer] [39m[32mMapped {/components/:id, DELETE} route[39m[38;5;3m +0ms[39m
[32m[Nest] 1144  - [39m29/12/2025, 4:43:45 [32m    LOG[39m [38;5;3m[RoutesResolver] [39m[32mResourceController {/resources}:[39m[38;5;3m +1ms[39m
[32m[Nest] 1144  - [39m29/12/2025, 4:43:45 [32m    LOG[39m [38;5;3m[RouterExplorer] [39m[32mMapped {/resources, GET} route[39m[38;5;3m +0ms[39m
[32m[Nest] 1144  - [39m29/12/2025, 4:43:45 [32m    LOG[39m [38;5;3m[RouterExplorer] [39m[32mMapped {/resources/:id, GET} route[39m[38;5;3m +1ms[39m
[32m[Nest] 1144  - [39m29/12/2025, 4:43:45 [32m    LOG[39m [38;5;3m[RouterExplorer] [39m[32mMapped {/resources, POST} route[39m[38;5;3m +0ms[39m
[32m[Nest] 1144  - [39m29/12/2025, 4:43:45 [32m    LOG[39m [38;5;3m[RouterExplorer] [39m[32mMapped {/resources/:id, PUT} route[39m[38;5;3m +1ms[39m
[32m[Nest] 1144  - [39m29/12/2025, 4:43:45 [32m    LOG[39m [38;5;3m[RouterExplorer] [39m[32mMapped {/resources/:id, DELETE} route[39m[38;5;3m +0ms[39m
[32m[Nest] 1144  - [39m29/12/2025, 4:43:45 [32m    LOG[39m [38;5;3m[RoutesResolver] [39m[32mResourceTypeController {/resource-types}:[39m[38;5;3m +1ms[39m
[32m[Nest] 1144  - [39m29/12/2025, 4:43:45 [32m    LOG[39m [38;5;3m[RouterExplorer] [39m[32mMapped {/resource-types, GET} route[39m[38;5;3m +0ms[39m
[32m[Nest] 1144  - [39m29/12/2025, 4:43:45 [32m    LOG[39m [38;5;3m[RouterExplorer] [39m[32mMapped {/resource-types/:id, GET} route[39m[38;5;3m +0ms[39m
[32m[Nest] 1144  - [39m29/12/2025, 4:43:45 [32m    LOG[39m [38;5;3m[RouterExplorer] [39m[32mMapped {/resource-types, POST} route[39m[38;5;3m +1ms[39m
[32m[Nest] 1144  - [39m29/12/2025, 4:43:45 [32m    LOG[39m [38;5;3m[RouterExplorer] [39m[32mMapped {/resource-types/:id, PUT} route[39m[38;5;3m +0ms[39m
[32m[Nest] 1144  - [39m29/12/2025, 4:43:45 [32m    LOG[39m [38;5;3m[RouterExplorer] [39m[32mMapped {/resource-types/:id, DELETE} route[39m[38;5;3m +0ms[39m
[32m[Nest] 1144  - [39m29/12/2025, 4:43:45 [32m    LOG[39m [38;5;3m[RoutesResolver] [39m[32mClassController {/classes}:[39m[38;5;3m +1ms[39m
[32m[Nest] 1144  - [39m29/12/2025, 4:43:45 [32m    LOG[39m [38;5;3m[RouterExplorer] [39m[32mMapped {/classes, GET} route[39m[38;5;3m +0ms[39m
[32m[Nest] 1144  - [39m29/12/2025, 4:43:45 [32m    LOG[39m [38;5;3m[RouterExplorer] [39m[32mMapped {/classes/:id, GET} route[39m[38;5;3m +0ms[39m
[32m[Nest] 1144  - [39m29/12/2025, 4:43:45 [32m    LOG[39m [38;5;3m[RouterExplorer] [39m[32mMapped {/classes, POST} route[39m[38;5;3m +1ms[39m
[32m[Nest] 1144  - [39m29/12/2025, 4:43:45 [32m    LOG[39m [38;5;3m[RouterExplorer] [39m[32mMapped {/classes/upload-icon, POST} route[39m[38;5;3m +0ms[39m
[32m[Nest] 1144  - [39m29/12/2025, 4:43:45 [32m    LOG[39m [38;5;3m[RouterExplorer] [39m[32mMapped {/classes/:id, PUT} route[39m[38;5;3m +1ms[39m
[32m[Nest] 1144  - [39m29/12/2025, 4:43:45 [32m    LOG[39m [38;5;3m[RouterExplorer] [39m[32mMapped {/classes/:id, DELETE} route[39m[38;5;3m +0ms[39m
[32m[Nest] 1144  - [39m29/12/2025, 4:43:45 [32m    LOG[39m [38;5;3m[RoutesResolver] [39m[32mCharacterController {/characters}:[39m[38;5;3m +0ms[39m
[32m[Nest] 1144  - [39m29/12/2025, 4:43:45 [32m    LOG[39m [38;5;3m[RouterExplorer] [39m[32mMapped {/characters, GET} route[39m[38;5;3m +1ms[39m
[32m[Nest] 1144  - [39m29/12/2025, 4:43:45 [32m    LOG[39m [38;5;3m[RouterExplorer] [39m[32mMapped {/characters/:id, GET} route[39m[38;5;3m +0ms[39m
[32m[Nest] 1144  - [39m29/12/2025, 4:43:45 [32m    LOG[39m [38;5;3m[RouterExplorer] [39m[32mMapped {/characters, POST} route[39m[38;5;3m +1ms[39m
[32m[Nest] 1144  - [39m29/12/2025, 4:43:45 [32m    LOG[39m [38;5;3m[RouterExplorer] [39m[32mMapped {/characters/upload-icon, POST} route[39m[38;5;3m +0ms[39m
[32m[Nest] 1144  - [39m29/12/2025, 4:43:45 [32m    LOG[39m [38;5;3m[RouterExplorer] [39m[32mMapped {/characters/upload-image, POST} route[39m[38;5;3m +1ms[39m
[32m[Nest] 1144  - [39m29/12/2025, 4:43:45 [32m    LOG[39m [38;5;3m[RouterExplorer] [39m[32mMapped {/characters/:id, PUT} route[39m[38;5;3m +0ms[39m
[32m[Nest] 1144  - [39m29/12/2025, 4:43:45 [32m    LOG[39m [38;5;3m[RouterExplorer] [39m[32mMapped {/characters/:id, DELETE} route[39m[38;5;3m +0ms[39m
[32m[Nest] 1144  - [39m29/12/2025, 4:43:45 [32m    LOG[39m [38;5;3m[RouterExplorer] [39m[32mMapped {/characters/:id/instances, GET} route[39m[38;5;3m +1ms[39m
[32m[Nest] 1144  - [39m29/12/2025, 4:43:45 [32m    LOG[39m [38;5;3m[RouterExplorer] [39m[32mMapped {/characters/:id/instances, POST} route[39m[38;5;3m +0ms[39m
[32m[Nest] 1144  - [39m29/12/2025, 4:43:45 [32m    LOG[39m [38;5;3m[RouterExplorer] [39m[32mMapped {/characters/:id/instances/:instanceId, PUT} route[39m[38;5;3m +0ms[39m
[32m[Nest] 1144  - [39m29/12/2025, 4:43:45 [32m    LOG[39m [38;5;3m[RouterExplorer] [39m[32mMapped {/characters/:id/instances/:instanceId, DELETE} route[39m[38;5;3m +1ms[39m
[32m[Nest] 1144  - [39m29/12/2025, 4:43:45 [32m    LOG[39m [38;5;3m[RoutesResolver] [39m[32mSoundTypeController {/sound-types}:[39m[38;5;3m +0ms[39m
[32m[Nest] 1144  - [39m29/12/2025, 4:43:45 [32m    LOG[39m [38;5;3m[RouterExplorer] [39m[32mMapped {/sound-types, GET} route[39m[38;5;3m +2ms[39m
[32m[Nest] 1144  - [39m29/12/2025, 4:43:45 [32m    LOG[39m [38;5;3m[RouterExplorer] [39m[32mMapped {/sound-types/:id, GET} route[39m[38;5;3m +0ms[39m
[32m[Nest] 1144  - [39m29/12/2025, 4:43:45 [32m    LOG[39m [38;5;3m[RouterExplorer] [39m[32mMapped {/sound-types, POST} route[39m[38;5;3m +1ms[39m
[32m[Nest] 1144  - [39m29/12/2025, 4:43:45 [32m    LOG[39m [38;5;3m[RouterExplorer] [39m[32mMapped {/sound-types/:id, PUT} route[39m[38;5;3m +0ms[39m
[32m[Nest] 1144  - [39m29/12/2025, 4:43:45 [32m    LOG[39m [38;5;3m[RouterExplorer] [39m[32mMapped {/sound-types/:id, DELETE} route[39m[38;5;3m +0ms[39m
[32m[Nest] 1144  - [39m29/12/2025, 4:43:45 [32m    LOG[39m [38;5;3m[RoutesResolver] [39m[32mSoundController {/sounds}:[39m[38;5;3m +1ms[39m
[32m[Nest] 1144  - [39m29/12/2025, 4:43:45 [32m    LOG[39m [38;5;3m[RouterExplorer] [39m[32mMapped {/sounds, GET} route[39m[38;5;3m +0ms[39m
[32m[Nest] 1144  - [39m29/12/2025, 4:43:45 [32m    LOG[39m [38;5;3m[RouterExplorer] [39m[32mMapped {/sounds/:id, GET} route[39m[38;5;3m +0ms[39m
[32m[Nest] 1144  - [39m29/12/2025, 4:43:45 [32m    LOG[39m [38;5;3m[RouterExplorer] [39m[32mMapped {/sounds, POST} route[39m[38;5;3m +1ms[39m
[32m[Nest] 1144  - [39m29/12/2025, 4:43:45 [32m    LOG[39m [38;5;3m[RouterExplorer] [39m[32mMapped {/sounds/:id, PUT} route[39m[38;5;3m +0ms[39m
[32m[Nest] 1144  - [39m29/12/2025, 4:43:45 [32m    LOG[39m [38;5;3m[RouterExplorer] [39m[32mMapped {/sounds/:id, DELETE} route[39m[38;5;3m +1ms[39m
[32m[Nest] 1144  - [39m29/12/2025, 4:43:45 [32m    LOG[39m [38;5;3m[RoutesResolver] [39m[32mRaceController {/races}:[39m[38;5;3m +0ms[39m
[32m[Nest] 1144  - [39m29/12/2025, 4:43:45 [32m    LOG[39m [38;5;3m[RouterExplorer] [39m[32mMapped {/races, GET} route[39m[38;5;3m +1ms[39m
[32m[Nest] 1144  - [39m29/12/2025, 4:43:45 [32m    LOG[39m [38;5;3m[RouterExplorer] [39m[32mMapped {/races/:id, GET} route[39m[38;5;3m +0ms[39m
[32m[Nest] 1144  - [39m29/12/2025, 4:43:45 [32m    LOG[39m [38;5;3m[RouterExplorer] [39m[32mMapped {/races/upload-icon, POST} route[39m[38;5;3m +0ms[39m
[32m[Nest] 1144  - [39m29/12/2025, 4:43:45 [32m    LOG[39m [38;5;3m[RouterExplorer] [39m[32mMapped {/races, POST} route[39m[38;5;3m +1ms[39m
[32m[Nest] 1144  - [39m29/12/2025, 4:43:45 [32m    LOG[39m [38;5;3m[RouterExplorer] [39m[32mMapped {/races/:id, PUT} route[39m[38;5;3m +0ms[39m
[32m[Nest] 1144  - [39m29/12/2025, 4:43:45 [32m    LOG[39m [38;5;3m[RouterExplorer] [39m[32mMapped {/races/:id, DELETE} route[39m[38;5;3m +0ms[39m
[32m[Nest] 1144  - [39m29/12/2025, 4:43:45 [32m    LOG[39m [38;5;3m[RoutesResolver] [39m[32mAnimationController {/animations}:[39m[38;5;3m +1ms[39m
[32m[Nest] 1144  - [39m29/12/2025, 4:43:45 [32m    LOG[39m [38;5;3m[RouterExplorer] [39m[32mMapped {/animations, GET} route[39m[38;5;3m +0ms[39m
[32m[Nest] 1144  - [39m29/12/2025, 4:43:45 [32m    LOG[39m [38;5;3m[RouterExplorer] [39m[32mMapped {/animations/:id, GET} route[39m[38;5;3m +1ms[39m
[32m[Nest] 1144  - [39m29/12/2025, 4:43:45 [32m    LOG[39m [38;5;3m[RouterExplorer] [39m[32mMapped {/animations, POST} route[39m[38;5;3m +0ms[39m
[32m[Nest] 1144  - [39m29/12/2025, 4:43:45 [32m    LOG[39m [38;5;3m[RouterExplorer] [39m[32mMapped {/animations/:id, PUT} route[39m[38;5;3m +1ms[39m
[32m[Nest] 1144  - [39m29/12/2025, 4:43:45 [32m    LOG[39m [38;5;3m[RouterExplorer] [39m[32mMapped {/animations/:id, DELETE} route[39m[38;5;3m +0ms[39m
[32m[Nest] 1144  - [39m29/12/2025, 4:43:45 [32m    LOG[39m [38;5;3m[RoutesResolver] [39m[32mArmorTypeController {/armor-types}:[39m[38;5;3m +0ms[39m
[32m[Nest] 1144  - [39m29/12/2025, 4:43:45 [32m    LOG[39m [38;5;3m[RouterExplorer] [39m[32mMapped {/armor-types, GET} route[39m[38;5;3m +1ms[39m
[32m[Nest] 1144  - [39m29/12/2025, 4:43:45 [32m    LOG[39m [38;5;3m[RouterExplorer] [39m[32mMapped {/armor-types/:id, GET} route[39m[38;5;3m +0ms[39m
[32m[Nest] 1144  - [39m29/12/2025, 4:43:45 [32m    LOG[39m [38;5;3m[RouterExplorer] [39m[32mMapped {/armor-types, POST} route[39m[38;5;3m +1ms[39m
[32m[Nest] 1144  - [39m29/12/2025, 4:43:45 [32m    LOG[39m [38;5;3m[RouterExplorer] [39m[32mMapped {/armor-types/:id, PUT} route[39m[38;5;3m +0ms[39m
[32m[Nest] 1144  - [39m29/12/2025, 4:43:45 [32m    LOG[39m [38;5;3m[RouterExplorer] [39m[32mMapped {/armor-types/:id, DELETE} route[39m[38;5;3m +0ms[39m
[32m[Nest] 1144  - [39m29/12/2025, 4:43:45 [32m    LOG[39m [38;5;3m[NestApplication] [39m[32mNest application successfully started[39m[38;5;3m +3ms[39m
