[31m[Nest] 13324  - [39m26/12/2025, 12:57:19 [31m  ERROR[39m [38;5;3m[ExceptionsHandler] [39mQueryFailedError: SQLITE_ERROR: no such column: NaN
    at handler [90m(D:\Proyectos\Proceso\CPManager\CPManager 0.3\backend\[39mnode_modules\[4mtypeorm[24m\driver\src\driver\sqlite\SqliteQueryRunner.ts:133:29[90m)[39m
    at replacement [90m(D:\Proyectos\Proceso\CPManager\CPManager 0.3\backend\[39mnode_modules\[4msqlite3[24m\lib\trace.js:25:27[90m)[39m
    at Statement.errBack [90m(D:\Proyectos\Proceso\CPManager\CPManager 0.3\backend\[39mnode_modules\[4msqlite3[24m\lib\sqlite3.js:15:21[90m)[39m {
  query: [32m'SELECT "Campaign"."id" AS "Campaign_id", "Campaign"."name" AS "Campaign_name", "Campaign"."description" AS "Campaign_description", "Campaign"."image" AS "Campaign_image", "Campaign"."file" AS "Campaign_file", "Campaign"."sagaId" AS "Campaign_sagaId", "Campaign"."order" AS "Campaign_order" FROM "campaign" "Campaign" WHERE (("Campaign"."sagaId" = NaN)) ORDER BY "Campaign"."order" ASC'[39m,
  parameters: [],
  driverError: Error: SQLITE_ERROR: no such column: NaN
  --> in Database#all('SELECT "Campaign"."id" AS "Campaign_id", "Campaign"."name" AS "Campaign_name", "Campaign"."description" AS "Campaign_description", "Campaign"."image" AS "Campaign_image", "Campaign"."file" AS "Campaign_file", "Campaign"."sagaId" AS "Campaign_sagaId", "Campaign"."order" AS "Campaign_order" FROM "campaign" "Campaign" WHERE (("Campaign"."sagaId" = NaN)) ORDER BY "Campaign"."order" ASC', [], [Function: handler])
      at execute [90m(D:\Proyectos\Proceso\CPManager\CPManager 0.3\backend\[39mnode_modules\[4mtypeorm[24m\driver\src\driver\sqlite\SqliteQueryRunner.ts:85:50[90m)[39m
      at <anonymous> [90m(D:\Proyectos\Proceso\CPManager\CPManager 0.3\backend\[39mnode_modules\[4mtypeorm[24m\driver\src\driver\sqlite\SqliteQueryRunner.ts:168:23[90m)[39m
      at new Promise (<anonymous>)
      at SqliteQueryRunner.query [90m(D:\Proyectos\Proceso\CPManager\CPManager 0.3\backend\[39mnode_modules\[4mtypeorm[24m\driver\src\driver\sqlite\SqliteQueryRunner.ts:74:16[90m)[39m
  [90m    at process.processTicksAndRejections (node:internal/process/task_queues:103:5)[39m
      at async SelectQueryBuilder.loadRawResults [90m(D:\Proyectos\Proceso\CPManager\CPManager 0.3\backend\[39mnode_modules\[4mtypeorm[24m\query-builder\src\query-builder\SelectQueryBuilder.ts:3863:25[90m)[39m
      at async SelectQueryBuilder.executeEntitiesAndRawResults [90m(D:\Proyectos\Proceso\CPManager\CPManager 0.3\backend\[39mnode_modules\[4mtypeorm[24m\query-builder\src\query-builder\SelectQueryBuilder.ts:3609:26[90m)[39m
      at async SelectQueryBuilder.getRawAndEntities [90m(D:\Proyectos\Proceso\CPManager\CPManager 0.3\backend\[39mnode_modules\[4mtypeorm[24m\query-builder\src\query-builder\SelectQueryBuilder.ts:1671:29[90m)[39m
      at async SelectQueryBuilder.getMany [90m(D:\Proyectos\Proceso\CPManager\CPManager 0.3\backend\[39mnode_modules\[4mtypeorm[24m\query-builder\src\query-builder\SelectQueryBuilder.ts:1761:25[90m)[39m {
    errno: [33m1[39m,
    code: [32m'SQLITE_ERROR'[39m,
    __augmented: [33mtrue[39m
  },
  errno: [33m1[39m,
  code: [32m'SQLITE_ERROR'[39m,
  __augmented: [33mtrue[39m
}
