
> backend@0.0.1 start
> nest start

[32m[Nest] 13324  - [39m26/12/2025, 12:56:31 [32m    LOG[39m [38;5;3m[NestFactory] [39m[32mStarting Nest application...[39m
[32m[Nest] 13324  - [39m26/12/2025, 12:56:31 [32m    LOG[39m [38;5;3m[InstanceLoader] [39m[32mTypeOrmModule dependencies initialized[39m[38;5;3m +80ms[39m
[32m[Nest] 13324  - [39m26/12/2025, 12:56:31 [32m    LOG[39m [38;5;3m[InstanceLoader] [39m[32mTypeOrmCoreModule dependencies initialized[39m[38;5;3m +42ms[39m
[32m[Nest] 13324  - [39m26/12/2025, 12:56:31 [32m    LOG[39m [38;5;3m[InstanceLoader] [39m[32mTypeOrmModule dependencies initialized[39m[38;5;3m +23ms[39m
[32m[Nest] 13324  - [39m26/12/2025, 12:56:31 [32m    LOG[39m [38;5;3m[InstanceLoader] [39m[32mAppModule dependencies initialized[39m[38;5;3m +36ms[39m
[32m[Nest] 13324  - [39m26/12/2025, 12:56:31 [32m    LOG[39m [38;5;3m[RoutesResolver] [39m[32mAppController {/}:[39m[38;5;3m +6ms[39m
[32m[Nest] 13324  - [39m26/12/2025, 12:56:31 [32m    LOG[39m [38;5;3m[RouterExplorer] [39m[32mMapped {/, GET} route[39m[38;5;3m +4ms[39m
[32m[Nest] 13324  - [39m26/12/2025, 12:56:31 [32m    LOG[39m [38;5;3m[RoutesResolver] [39m[32mSagaController {/sagas}:[39m[38;5;3m +0ms[39m
[32m[Nest] 13324  - [39m26/12/2025, 12:56:31 [32m    LOG[39m [38;5;3m[RouterExplorer] [39m[32mMapped {/sagas, GET} route[39m[38;5;3m +1ms[39m
[32m[Nest] 13324  - [39m26/12/2025, 12:56:31 [32m    LOG[39m [38;5;3m[RouterExplorer] [39m[32mMapped {/sagas/:id, GET} route[39m[38;5;3m +1ms[39m
[32m[Nest] 13324  - [39m26/12/2025, 12:56:31 [32m    LOG[39m [38;5;3m[RouterExplorer] [39m[32mMapped {/sagas, POST} route[39m[38;5;3m +1ms[39m
[32m[Nest] 13324  - [39m26/12/2025, 12:56:31 [32m    LOG[39m [38;5;3m[RouterExplorer] [39m[32mMapped {/sagas/order, PUT} route[39m[38;5;3m +1ms[39m
[32m[Nest] 13324  - [39m26/12/2025, 12:56:31 [32m    LOG[39m [38;5;3m[RouterExplorer] [39m[32mMapped {/sagas/:id, PUT} route[39m[38;5;3m +0ms[39m
[32m[Nest] 13324  - [39m26/12/2025, 12:56:31 [32m    LOG[39m [38;5;3m[RouterExplorer] [39m[32mMapped {/sagas/:id, DELETE} route[39m[38;5;3m +1ms[39m
[32m[Nest] 13324  - [39m26/12/2025, 12:56:31 [32m    LOG[39m [38;5;3m[RoutesResolver] [39m[32mCampaignController {/campaigns}:[39m[38;5;3m +1ms[39m
[32m[Nest] 13324  - [39m26/12/2025, 12:56:31 [32m    LOG[39m [38;5;3m[RouterExplorer] [39m[32mMapped {/campaigns, GET} route[39m[38;5;3m +1ms[39m
[32m[Nest] 13324  - [39m26/12/2025, 12:56:31 [32m    LOG[39m [38;5;3m[RouterExplorer] [39m[32mMapped {/campaigns/:id, GET} route[39m[38;5;3m +0ms[39m
[32m[Nest] 13324  - [39m26/12/2025, 12:56:31 [32m    LOG[39m [38;5;3m[RouterExplorer] [39m[32mMapped {/campaigns, POST} route[39m[38;5;3m +1ms[39m
[32m[Nest] 13324  - [39m26/12/2025, 12:56:31 [32m    LOG[39m [38;5;3m[RouterExplorer] [39m[32mMapped {/campaigns/:id, PUT} route[39m[38;5;3m +1ms[39m
[32m[Nest] 13324  - [39m26/12/2025, 12:56:31 [32m    LOG[39m [38;5;3m[RouterExplorer] [39m[32mMapped {/campaigns/:id, DELETE} route[39m[38;5;3m +0ms[39m
[32m[Nest] 13324  - [39m26/12/2025, 12:56:31 [32m    LOG[39m [38;5;3m[NestApplication] [39m[32mNest application successfully started[39m[38;5;3m +2ms[39m
[BACKEND] [CONTROLLER] id recibido en update: 6
[BACKEND] [UPDATE SAGA] id: 6 body recibido: { name: 'rwr', description: '' } body enviado: { name: 'rwr', description: '' }
[BACKEND] [CONTROLLER] id recibido en update: 5
[BACKEND] [UPDATE SAGA] id: 5 body recibido: { name: '34', description: '' } body enviado: { name: '34', description: '' }
[BACKEND] [saveOrder] Recibido ids: [ 5, 6, 7 ]
[BACKEND] [saveOrder] Actualizando saga id=5 a order=0. Resultado: UpdateResult { generatedMaps: [], raw: [], affected: 1 }
[BACKEND] [saveOrder] Actualizando saga id=6 a order=1. Resultado: UpdateResult { generatedMaps: [], raw: [], affected: 1 }
[BACKEND] [saveOrder] Actualizando saga id=7 a order=2. Resultado: UpdateResult { generatedMaps: [], raw: [], affected: 1 }
